<?xml version="1.0" encoding="UTF-8"?>
<testsuite xmlns:xsi="http://www.w3.org/2001/XMLSchema-instance" xsi:noNamespaceSchemaLocation="https://maven.apache.org/surefire/maven-surefire-plugin/xsd/surefire-test-report.xsd" name="com.bpdts.api.ApiTest" time="2.939" tests="3" errors="0" skipped="0" failures="0">
  <properties>
[...]
</properties>
  <testcase name="getLondonUsers" classname="com.bpdts.api.ApiTest" time="1.753"/>
  <testcase name="getUsersWithin50Miles" classname="com.bpdts.api.ApiTest" time="0.545"/>
  <testcase name="getTheNumberOfUsers" classname="com.bpdts.api.ApiTest" time="0.637"/>
</testsuite>